 ******* Program HYDRUS
 ******* 
 Welcome to HYDRUS-1D                                                    
 Date:  24. 9.    Time:   0:47:25
 Units: L = cm   , T = days , M = mmol 

----------------------------------------------------------
 Time       [T]        0.0000
----------------------------------------------------------
 Sub-region num.                     1
----------------------------------------------------------
 Length   [L]        0.20000E+03  0.20000E+03
 W-volume [L]        0.78995E+02  0.78995E+02
 In-flow  [L/T]      0.00000E+00  0.00000E+00
 h Mean   [L]       -0.10000E+03 -0.10000E+03
 Top Flux [L/T]     -0.32398E+00
 Bot Flux [L/T]     -0.32398E+00
----------------------------------------------------------

----------------------------------------------------------
 Time       [T]     5475.0000
----------------------------------------------------------
 Sub-region num.                     1
----------------------------------------------------------
 Length   [L]        0.20000E+03  0.20000E+03
 W-volume [L]        0.68042E+02  0.68042E+02
 In-flow  [L/T]     -0.16975E+00 -0.16975E+00
 h Mean   [L]       -0.31828E+03 -0.31828E+03
 Top Flux [L/T]      0.11926E+00
 Bot Flux [L/T]     -0.53798E-01
 WatBalT  [L]       -0.53970E+01
 WatBalR  [%]              0.183
----------------------------------------------------------
 
 Calculation time [sec]   24.0199999809265     
