 ******* Program HYDRUS
 ******* 
 Welcome to HYDRUS-1D                                                    
 Date:  24. 9.    Time:   0:47:25
 Units: L = cm   , T = days , M = mmol 
 
 CosAlf,MaxIt,TolTh,  TolH
 1.000  100   0.010 1.00000
 
 TopInF,BotInF,AtmBC,SinkF,WLayer,qGWLF,FreeD,SeepF,lWat,lChem,lTemp,lRoot,lWDep
     T     F     T     F     T     F     T     F     T     F     F     F     F

Nodal point information

node      x         hOld    MatN LayN  Beta      Ah       AK      ATh     Temp    Conc(1...NS)         Sorb(1...NS)

   1      0.000   -100.000    1    1   0.000    1.000    1.000    1.000
   2     -0.100   -100.000    1    1   0.000    1.000    1.000    1.000
   3     -0.200   -100.000    1    1   0.000    1.000    1.000    1.000
   4     -0.400   -100.000    1    1   0.000    1.000    1.000    1.000
   5     -0.600   -100.000    1    1   0.000    1.000    1.000    1.000
   6     -0.900   -100.000    1    1   0.000    1.000    1.000    1.000
   7     -1.200   -100.000    1    1   0.000    1.000    1.000    1.000
   8     -1.600   -100.000    1    1   0.000    1.000    1.000    1.000
   9     -2.000   -100.000    1    1   0.000    1.000    1.000    1.000
  10     -2.500   -100.000    1    1   0.000    1.000    1.000    1.000
  11     -3.000   -100.000    1    1   0.000    1.000    1.000    1.000
  12     -3.600   -100.000    1    1   0.000    1.000    1.000    1.000
  13     -4.200   -100.000    1    1   0.000    1.000    1.000    1.000
  14     -4.900   -100.000    1    1   0.000    1.000    1.000    1.000
  15     -5.600   -100.000    1    1   0.000    1.000    1.000    1.000
  16     -6.400   -100.000    1    1   0.000    1.000    1.000    1.000
  17     -7.200   -100.000    1    1   0.000    1.000    1.000    1.000
  18     -8.100   -100.000    1    1   0.000    1.000    1.000    1.000
  19     -9.000   -100.000    1    1   0.000    1.000    1.000    1.000
  20    -10.000   -100.000    1    1   0.000    1.000    1.000    1.000
  21    -11.000   -100.000    1    1   0.000    1.000    1.000    1.000
  22    -12.000   -100.000    1    1   0.000    1.000    1.000    1.000
  23    -13.000   -100.000    1    1   0.000    1.000    1.000    1.000
  24    -14.000   -100.000    1    1   0.000    1.000    1.000    1.000
  25    -15.000   -100.000    1    1   0.000    1.000    1.000    1.000
  26    -16.000   -100.000    1    1   0.000    1.000    1.000    1.000
  27    -17.000   -100.000    1    1   0.000    1.000    1.000    1.000
  28    -18.000   -100.000    1    1   0.000    1.000    1.000    1.000
  29    -19.000   -100.000    1    1   0.000    1.000    1.000    1.000
  30    -20.000   -100.000    1    1   0.000    1.000    1.000    1.000
  31    -21.000   -100.000    1    1   0.000    1.000    1.000    1.000
  32    -22.000   -100.000    1    1   0.000    1.000    1.000    1.000
  33    -23.000   -100.000    1    1   0.000    1.000    1.000    1.000
  34    -24.000   -100.000    1    1   0.000    1.000    1.000    1.000
  35    -25.000   -100.000    1    1   0.000    1.000    1.000    1.000
  36    -26.000   -100.000    1    1   0.000    1.000    1.000    1.000
  37    -27.000   -100.000    1    1   0.000    1.000    1.000    1.000
  38    -28.000   -100.000    1    1   0.000    1.000    1.000    1.000
  39    -29.000   -100.000    1    1   0.000    1.000    1.000    1.000
  40    -30.000   -100.000    1    1   0.000    1.000    1.000    1.000
  41    -31.000   -100.000    1    1   0.000    1.000    1.000    1.000
  42    -32.000   -100.000    1    1   0.000    1.000    1.000    1.000
  43    -33.000   -100.000    1    1   0.000    1.000    1.000    1.000
  44    -34.000   -100.000    1    1   0.000    1.000    1.000    1.000
  45    -35.000   -100.000    1    1   0.000    1.000    1.000    1.000
  46    -36.000   -100.000    1    1   0.000    1.000    1.000    1.000
  47    -37.000   -100.000    1    1   0.000    1.000    1.000    1.000
  48    -38.000   -100.000    1    1   0.000    1.000    1.000    1.000
  49    -39.000   -100.000    1    1   0.000    1.000    1.000    1.000
  50    -40.000   -100.000    1    1   0.000    1.000    1.000    1.000
  51    -41.000   -100.000    1    1   0.000    1.000    1.000    1.000
  52    -42.000   -100.000    1    1   0.000    1.000    1.000    1.000
  53    -43.000   -100.000    1    1   0.000    1.000    1.000    1.000
  54    -44.000   -100.000    1    1   0.000    1.000    1.000    1.000
  55    -45.000   -100.000    1    1   0.000    1.000    1.000    1.000
  56    -46.000   -100.000    1    1   0.000    1.000    1.000    1.000
  57    -47.000   -100.000    1    1   0.000    1.000    1.000    1.000
  58    -48.000   -100.000    1    1   0.000    1.000    1.000    1.000
  59    -49.000   -100.000    1    1   0.000    1.000    1.000    1.000
  60    -50.000   -100.000    1    1   0.000    1.000    1.000    1.000
  61    -51.000   -100.000    1    1   0.000    1.000    1.000    1.000
  62    -52.000   -100.000    1    1   0.000    1.000    1.000    1.000
  63    -53.000   -100.000    1    1   0.000    1.000    1.000    1.000
  64    -54.000   -100.000    1    1   0.000    1.000    1.000    1.000
  65    -55.000   -100.000    1    1   0.000    1.000    1.000    1.000
  66    -56.000   -100.000    1    1   0.000    1.000    1.000    1.000
  67    -57.000   -100.000    1    1   0.000    1.000    1.000    1.000
  68    -58.000   -100.000    1    1   0.000    1.000    1.000    1.000
  69    -59.000   -100.000    1    1   0.000    1.000    1.000    1.000
  70    -60.000   -100.000    1    1   0.000    1.000    1.000    1.000
  71    -61.000   -100.000    1    1   0.000    1.000    1.000    1.000
  72    -62.000   -100.000    1    1   0.000    1.000    1.000    1.000
  73    -63.000   -100.000    1    1   0.000    1.000    1.000    1.000
  74    -64.000   -100.000    1    1   0.000    1.000    1.000    1.000
  75    -65.000   -100.000    1    1   0.000    1.000    1.000    1.000
  76    -66.000   -100.000    1    1   0.000    1.000    1.000    1.000
  77    -67.000   -100.000    1    1   0.000    1.000    1.000    1.000
  78    -68.000   -100.000    1    1   0.000    1.000    1.000    1.000
  79    -69.000   -100.000    1    1   0.000    1.000    1.000    1.000
  80    -70.000   -100.000    1    1   0.000    1.000    1.000    1.000
  81    -71.000   -100.000    1    1   0.000    1.000    1.000    1.000
  82    -72.000   -100.000    1    1   0.000    1.000    1.000    1.000
  83    -73.000   -100.000    1    1   0.000    1.000    1.000    1.000
  84    -74.000   -100.000    1    1   0.000    1.000    1.000    1.000
  85    -75.000   -100.000    1    1   0.000    1.000    1.000    1.000
  86    -76.000   -100.000    1    1   0.000    1.000    1.000    1.000
  87    -77.000   -100.000    1    1   0.000    1.000    1.000    1.000
  88    -78.000   -100.000    1    1   0.000    1.000    1.000    1.000
  89    -79.000   -100.000    1    1   0.000    1.000    1.000    1.000
  90    -80.000   -100.000    1    1   0.000    1.000    1.000    1.000
  91    -81.000   -100.000    1    1   0.000    1.000    1.000    1.000
  92    -82.000   -100.000    1    1   0.000    1.000    1.000    1.000
  93    -83.000   -100.000    1    1   0.000    1.000    1.000    1.000
  94    -84.000   -100.000    1    1   0.000    1.000    1.000    1.000
  95    -85.000   -100.000    1    1   0.000    1.000    1.000    1.000
  96    -86.000   -100.000    1    1   0.000    1.000    1.000    1.000
  97    -87.000   -100.000    1    1   0.000    1.000    1.000    1.000
  98    -88.000   -100.000    1    1   0.000    1.000    1.000    1.000
  99    -89.000   -100.000    1    1   0.000    1.000    1.000    1.000
 100    -90.000   -100.000    1    1   0.000    1.000    1.000    1.000
 101    -91.000   -100.000    1    1   0.000    1.000    1.000    1.000
 102    -92.000   -100.000    1    1   0.000    1.000    1.000    1.000
 103    -93.000   -100.000    1    1   0.000    1.000    1.000    1.000
 104    -94.000   -100.000    1    1   0.000    1.000    1.000    1.000
 105    -95.000   -100.000    1    1   0.000    1.000    1.000    1.000
 106    -96.000   -100.000    1    1   0.000    1.000    1.000    1.000
 107    -97.000   -100.000    1    1   0.000    1.000    1.000    1.000
 108    -98.000   -100.000    1    1   0.000    1.000    1.000    1.000
 109    -99.000   -100.000    1    1   0.000    1.000    1.000    1.000
 110   -100.000   -100.000    1    1   0.000    1.000    1.000    1.000
 111   -101.000   -100.000    1    1   0.000    1.000    1.000    1.000
 112   -102.000   -100.000    1    1   0.000    1.000    1.000    1.000
 113   -103.000   -100.000    1    1   0.000    1.000    1.000    1.000
 114   -104.000   -100.000    1    1   0.000    1.000    1.000    1.000
 115   -105.000   -100.000    1    1   0.000    1.000    1.000    1.000
 116   -106.000   -100.000    1    1   0.000    1.000    1.000    1.000
 117   -107.000   -100.000    1    1   0.000    1.000    1.000    1.000
 118   -108.000   -100.000    1    1   0.000    1.000    1.000    1.000
 119   -109.000   -100.000    1    1   0.000    1.000    1.000    1.000
 120   -110.000   -100.000    1    1   0.000    1.000    1.000    1.000
 121   -111.000   -100.000    1    1   0.000    1.000    1.000    1.000
 122   -112.000   -100.000    1    1   0.000    1.000    1.000    1.000
 123   -113.000   -100.000    1    1   0.000    1.000    1.000    1.000
 124   -114.000   -100.000    1    1   0.000    1.000    1.000    1.000
 125   -115.000   -100.000    1    1   0.000    1.000    1.000    1.000
 126   -116.000   -100.000    1    1   0.000    1.000    1.000    1.000
 127   -117.000   -100.000    1    1   0.000    1.000    1.000    1.000
 128   -118.000   -100.000    1    1   0.000    1.000    1.000    1.000
 129   -119.000   -100.000    1    1   0.000    1.000    1.000    1.000
 130   -120.000   -100.000    1    1   0.000    1.000    1.000    1.000
 131   -121.000   -100.000    1    1   0.000    1.000    1.000    1.000
 132   -122.000   -100.000    1    1   0.000    1.000    1.000    1.000
 133   -123.000   -100.000    1    1   0.000    1.000    1.000    1.000
 134   -124.000   -100.000    1    1   0.000    1.000    1.000    1.000
 135   -125.000   -100.000    1    1   0.000    1.000    1.000    1.000
 136   -126.000   -100.000    1    1   0.000    1.000    1.000    1.000
 137   -127.000   -100.000    1    1   0.000    1.000    1.000    1.000
 138   -128.000   -100.000    1    1   0.000    1.000    1.000    1.000
 139   -129.000   -100.000    1    1   0.000    1.000    1.000    1.000
 140   -130.000   -100.000    1    1   0.000    1.000    1.000    1.000
 141   -131.000   -100.000    1    1   0.000    1.000    1.000    1.000
 142   -132.000   -100.000    1    1   0.000    1.000    1.000    1.000
 143   -133.000   -100.000    1    1   0.000    1.000    1.000    1.000
 144   -134.000   -100.000    1    1   0.000    1.000    1.000    1.000
 145   -135.000   -100.000    1    1   0.000    1.000    1.000    1.000
 146   -136.000   -100.000    1    1   0.000    1.000    1.000    1.000
 147   -137.000   -100.000    1    1   0.000    1.000    1.000    1.000
 148   -138.000   -100.000    1    1   0.000    1.000    1.000    1.000
 149   -139.000   -100.000    1    1   0.000    1.000    1.000    1.000
 150   -140.000   -100.000    1    1   0.000    1.000    1.000    1.000
 151   -141.000   -100.000    1    1   0.000    1.000    1.000    1.000
 152   -142.000   -100.000    1    1   0.000    1.000    1.000    1.000
 153   -143.000   -100.000    1    1   0.000    1.000    1.000    1.000
 154   -144.000   -100.000    1    1   0.000    1.000    1.000    1.000
 155   -145.000   -100.000    1    1   0.000    1.000    1.000    1.000
 156   -146.000   -100.000    1    1   0.000    1.000    1.000    1.000
 157   -147.000   -100.000    1    1   0.000    1.000    1.000    1.000
 158   -148.000   -100.000    1    1   0.000    1.000    1.000    1.000
 159   -149.000   -100.000    1    1   0.000    1.000    1.000    1.000
 160   -150.000   -100.000    1    1   0.000    1.000    1.000    1.000
 161   -151.000   -100.000    1    1   0.000    1.000    1.000    1.000
 162   -152.000   -100.000    1    1   0.000    1.000    1.000    1.000
 163   -153.000   -100.000    1    1   0.000    1.000    1.000    1.000
 164   -154.000   -100.000    1    1   0.000    1.000    1.000    1.000
 165   -155.000   -100.000    1    1   0.000    1.000    1.000    1.000
 166   -156.000   -100.000    1    1   0.000    1.000    1.000    1.000
 167   -157.000   -100.000    1    1   0.000    1.000    1.000    1.000
 168   -158.000   -100.000    1    1   0.000    1.000    1.000    1.000
 169   -159.000   -100.000    1    1   0.000    1.000    1.000    1.000
 170   -160.000   -100.000    1    1   0.000    1.000    1.000    1.000
 171   -161.000   -100.000    1    1   0.000    1.000    1.000    1.000
 172   -162.000   -100.000    1    1   0.000    1.000    1.000    1.000
 173   -163.000   -100.000    1    1   0.000    1.000    1.000    1.000
 174   -164.000   -100.000    1    1   0.000    1.000    1.000    1.000
 175   -165.000   -100.000    1    1   0.000    1.000    1.000    1.000
 176   -166.000   -100.000    1    1   0.000    1.000    1.000    1.000
 177   -167.000   -100.000    1    1   0.000    1.000    1.000    1.000
 178   -168.000   -100.000    1    1   0.000    1.000    1.000    1.000
 179   -169.000   -100.000    1    1   0.000    1.000    1.000    1.000
 180   -170.000   -100.000    1    1   0.000    1.000    1.000    1.000
 181   -171.000   -100.000    1    1   0.000    1.000    1.000    1.000
 182   -172.000   -100.000    1    1   0.000    1.000    1.000    1.000
 183   -173.000   -100.000    1    1   0.000    1.000    1.000    1.000
 184   -174.000   -100.000    1    1   0.000    1.000    1.000    1.000
 185   -175.000   -100.000    1    1   0.000    1.000    1.000    1.000
 186   -176.000   -100.000    1    1   0.000    1.000    1.000    1.000
 187   -177.000   -100.000    1    1   0.000    1.000    1.000    1.000
 188   -178.000   -100.000    1    1   0.000    1.000    1.000    1.000
 189   -179.000   -100.000    1    1   0.000    1.000    1.000    1.000
 190   -180.000   -100.000    1    1   0.000    1.000    1.000    1.000
 191   -181.000   -100.000    1    1   0.000    1.000    1.000    1.000
 192   -182.000   -100.000    1    1   0.000    1.000    1.000    1.000
 193   -183.000   -100.000    1    1   0.000    1.000    1.000    1.000
 194   -184.000   -100.000    1    1   0.000    1.000    1.000    1.000
 195   -185.000   -100.000    1    1   0.000    1.000    1.000    1.000
 196   -186.000   -100.000    1    1   0.000    1.000    1.000    1.000
 197   -187.000   -100.000    1    1   0.000    1.000    1.000    1.000
 198   -188.000   -100.000    1    1   0.000    1.000    1.000    1.000
 199   -189.000   -100.000    1    1   0.000    1.000    1.000    1.000
 200   -190.000   -100.000    1    1   0.000    1.000    1.000    1.000
 201   -191.000   -100.000    1    1   0.000    1.000    1.000    1.000
 202   -192.000   -100.000    1    1   0.000    1.000    1.000    1.000
 203   -193.000   -100.000    1    1   0.000    1.000    1.000    1.000
 204   -194.000   -100.000    1    1   0.000    1.000    1.000    1.000
 205   -195.000   -100.000    1    1   0.000    1.000    1.000    1.000
 206   -196.000   -100.000    1    1   0.000    1.000    1.000    1.000
 207   -197.000   -100.000    1    1   0.000    1.000    1.000    1.000
 208   -198.000   -100.000    1    1   0.000    1.000    1.000    1.000
 209   -199.000   -100.000    1    1   0.000    1.000    1.000    1.000
 210   -200.000   -100.000    1    1   0.000    1.000    1.000    1.000
end

 Number of species in the chain :   0


MatNum, Param. array:

   Mat     Qr     Qs        Alfa         n          Ks      l       Qm     Qa     Qk       Kk

    1    0.098  0.459   0.150E-01   0.125E+01   0.148E+02  0.500

       Table of Hydraulic Properties which are interpolated in simulation
       =================================================================

  theta         h        log h        C             K        log K          S          Kv
 
  0.4588  -0.100E-05 -0.6000E+01  0.0000E+00  0.1475E+02  0.1169E+01    1.0000  0.0000E+00
  0.4588  -0.126E-05 -0.5899E+01  0.0000E+00  0.1475E+02  0.1169E+01    1.0000  0.0000E+00
  0.4588  -0.159E-05 -0.5798E+01  0.0000E+00  0.1475E+02  0.1169E+01    1.0000  0.0000E+00
  0.4588  -0.201E-05 -0.5697E+01  0.0000E+00  0.1475E+02  0.1169E+01    1.0000  0.0000E+00
  0.4588  -0.254E-05 -0.5596E+01  0.0000E+00  0.1475E+02  0.1169E+01    1.0000  0.0000E+00
  0.4588  -0.320E-05 -0.5495E+01  0.0000E+00  0.1475E+02  0.1169E+01    1.0000  0.0000E+00
  0.4588  -0.404E-05 -0.5394E+01  0.0000E+00  0.1475E+02  0.1169E+01    1.0000  0.0000E+00
  0.4588  -0.509E-05 -0.5293E+01  0.0000E+00  0.1475E+02  0.1169E+01    1.0000  0.0000E+00
  0.4588  -0.643E-05 -0.5192E+01  0.0000E+00  0.1475E+02  0.1169E+01    1.0000  0.0000E+00
  0.4588  -0.811E-05 -0.5091E+01  0.0000E+00  0.1475E+02  0.1169E+01    1.0000  0.0000E+00
  0.4588  -0.102E-04 -0.4990E+01  0.0000E+00  0.1475E+02  0.1169E+01    1.0000  0.0000E+00
  0.4588  -0.129E-04 -0.4889E+01  0.0000E+00  0.1475E+02  0.1169E+01    1.0000  0.0000E+00
  0.4588  -0.163E-04 -0.4788E+01  0.0000E+00  0.1475E+02  0.1169E+01    1.0000  0.0000E+00
  0.4588  -0.206E-04 -0.4687E+01  0.0000E+00  0.1475E+02  0.1169E+01    1.0000  0.0000E+00
  0.4588  -0.260E-04 -0.4586E+01  0.0000E+00  0.1475E+02  0.1169E+01    1.0000  0.0000E+00
  0.4588  -0.327E-04 -0.4485E+01  0.0000E+00  0.1475E+02  0.1169E+01    1.0000  0.0000E+00
  0.4588  -0.413E-04 -0.4384E+01  0.0000E+00  0.1475E+02  0.1169E+01    1.0000  0.0000E+00
  0.4588  -0.521E-04 -0.4283E+01  0.0000E+00  0.1475E+02  0.1169E+01    1.0000  0.0000E+00
  0.4588  -0.658E-04 -0.4182E+01  0.0000E+00  0.1475E+02  0.1169E+01    1.0000  0.0000E+00
  0.4588  -0.830E-04 -0.4081E+01  0.0000E+00  0.1475E+02  0.1169E+01    1.0000  0.0000E+00
  0.4588  -0.105E-03 -0.3980E+01  0.0000E+00  0.1475E+02  0.1169E+01    1.0000  0.0000E+00
  0.4588  -0.132E-03 -0.3879E+01  0.0000E+00  0.1475E+02  0.1169E+01    1.0000  0.0000E+00
  0.4588  -0.167E-03 -0.3778E+01  0.0000E+00  0.1475E+02  0.1169E+01    1.0000  0.0000E+00
  0.4588  -0.210E-03 -0.3677E+01  0.0000E+00  0.1475E+02  0.1169E+01    1.0000  0.0000E+00
  0.4588  -0.266E-03 -0.3576E+01  0.0000E+00  0.1475E+02  0.1169E+01    1.0000  0.0000E+00
  0.4588  -0.335E-03 -0.3475E+01  0.0000E+00  0.1475E+02  0.1169E+01    1.0000  0.0000E+00
  0.4588  -0.423E-03 -0.3374E+01  0.0000E+00  0.1475E+02  0.1169E+01    1.0000  0.0000E+00
  0.4588  -0.534E-03 -0.3273E+01  0.0000E+00  0.1475E+02  0.1169E+01    1.0000  0.0000E+00
  0.4588  -0.673E-03 -0.3172E+01  0.0000E+00  0.1475E+02  0.1169E+01    1.0000  0.0000E+00
  0.4588  -0.850E-03 -0.3071E+01  0.0000E+00  0.1475E+02  0.1169E+01    1.0000  0.0000E+00
  0.4588  -0.107E-02 -0.2970E+01  0.0000E+00  0.1475E+02  0.1169E+01    1.0000  0.0000E+00
  0.4588  -0.135E-02 -0.2869E+01  0.0000E+00  0.1475E+02  0.1169E+01    1.0000  0.0000E+00
  0.4588  -0.171E-02 -0.2768E+01  0.0000E+00  0.1475E+02  0.1169E+01    1.0000  0.0000E+00
  0.4588  -0.215E-02 -0.2667E+01  0.0000E+00  0.1475E+02  0.1169E+01    1.0000  0.0000E+00
  0.4588  -0.272E-02 -0.2566E+01  0.0000E+00  0.1475E+02  0.1169E+01    1.0000  0.0000E+00
  0.4588  -0.343E-02 -0.2465E+01  0.0000E+00  0.1475E+02  0.1169E+01    1.0000  0.0000E+00
  0.4588  -0.433E-02 -0.2364E+01  0.0000E+00  0.1475E+02  0.1169E+01    1.0000  0.0000E+00
  0.4588  -0.546E-02 -0.2263E+01  0.0000E+00  0.1475E+02  0.1169E+01    1.0000  0.0000E+00
  0.4588  -0.689E-02 -0.2162E+01  0.0000E+00  0.1475E+02  0.1169E+01    1.0000  0.0000E+00
  0.4588  -0.870E-02 -0.2061E+01  0.0000E+00  0.1475E+02  0.1169E+01    1.0000  0.0000E+00
  0.4588  -0.110E-01 -0.1960E+01  0.0000E+00  0.1475E+02  0.1169E+01    1.0000  0.0000E+00
  0.4588  -0.138E-01 -0.1859E+01  0.0000E+00  0.1475E+02  0.1169E+01    1.0000  0.0000E+00
  0.4588  -0.175E-01 -0.1758E+01  0.0000E+00  0.1475E+02  0.1169E+01    1.0000  0.0000E+00
  0.4588  -0.221E-01 -0.1657E+01  0.0000E+00  0.1475E+02  0.1169E+01    1.0000  0.0000E+00
  0.4588  -0.278E-01 -0.1556E+01  0.0000E+00  0.1475E+02  0.1169E+01    1.0000  0.0000E+00
  0.4588  -0.351E-01 -0.1455E+01  0.0000E+00  0.1475E+02  0.1169E+01    1.0000  0.0000E+00
  0.4588  -0.443E-01 -0.1354E+01  0.0000E+00  0.1475E+02  0.1169E+01    1.0000  0.0000E+00
  0.4588  -0.559E-01 -0.1253E+01  0.0000E+00  0.1475E+02  0.1169E+01    1.0000  0.0000E+00
  0.4588  -0.705E-01 -0.1152E+01  0.0000E+00  0.1475E+02  0.1169E+01    1.0000  0.0000E+00
  0.4588  -0.890E-01 -0.1051E+01  0.0000E+00  0.1475E+02  0.1169E+01    1.0000  0.0000E+00
  0.4588  -0.112E+00 -0.9495E+00  0.0000E+00  0.1475E+02  0.1169E+01    1.0000  0.0000E+00
  0.4588  -0.142E+00 -0.8485E+00  0.0000E+00  0.1475E+02  0.1169E+01    1.0000  0.0000E+00
  0.4588  -0.179E+00 -0.7475E+00  0.0000E+00  0.1475E+02  0.1169E+01    1.0000  0.0000E+00
  0.4588  -0.226E+00 -0.6465E+00  0.0000E+00  0.1475E+02  0.1169E+01    1.0000  0.0000E+00
  0.4588  -0.285E+00 -0.5455E+00  0.0000E+00  0.1475E+02  0.1169E+01    1.0000  0.0000E+00
  0.4588  -0.359E+00 -0.4444E+00  0.0000E+00  0.1475E+02  0.1169E+01    1.0000  0.0000E+00
  0.4588  -0.453E+00 -0.3434E+00  0.0000E+00  0.1475E+02  0.1169E+01    1.0000  0.0000E+00
  0.4588  -0.572E+00 -0.2424E+00  0.0000E+00  0.1475E+02  0.1169E+01    1.0000  0.0000E+00
  0.4588  -0.722E+00 -0.1414E+00  0.0000E+00  0.1475E+02  0.1169E+01    1.0000  0.0000E+00
  0.4588  -0.911E+00 -0.4040E-01  0.0000E+00  0.1475E+02  0.1169E+01    1.0000  0.0000E+00
  0.4588  -0.115E+01  0.6061E-01  0.0000E+00  0.1475E+02  0.1169E+01    1.0000  0.0000E+00
  0.4588  -0.145E+01  0.1616E+00  0.0000E+00  0.1475E+02  0.1169E+01    1.0000  0.0000E+00
  0.4588  -0.183E+01  0.2626E+00  0.0000E+00  0.1475E+02  0.1169E+01    1.0000  0.0000E+00
  0.4586  -0.231E+01  0.3636E+00  0.5760E-03  0.1400E+02  0.1146E+01    0.9995  0.3824E-18
  0.4583  -0.292E+01  0.4646E+00  0.6073E-03  0.1279E+02  0.1107E+01    0.9985  0.1554E-16
  0.4578  -0.368E+01  0.5657E+00  0.6390E-03  0.1156E+02  0.1063E+01    0.9972  0.1301E-15
  0.4572  -0.464E+01  0.6667E+00  0.6707E-03  0.1034E+02  0.1015E+01    0.9955  0.6565E-15
  0.4563  -0.586E+01  0.7677E+00  0.7015E-03  0.9138E+01  0.9608E+00    0.9931  0.2585E-14
  0.4552  -0.739E+01  0.8687E+00  0.7305E-03  0.7957E+01  0.9008E+00    0.9901  0.8797E-14
  0.4538  -0.933E+01  0.9697E+00  0.7564E-03  0.6817E+01  0.8336E+00    0.9861  0.2719E-13
  0.4519  -0.118E+02  0.1071E+01  0.7774E-03  0.5731E+01  0.7582E+00    0.9809  0.7836E-13
  0.4495  -0.148E+02  0.1172E+01  0.7915E-03  0.4717E+01  0.6737E+00    0.9742  0.2137E-12
  0.4464  -0.187E+02  0.1273E+01  0.7964E-03  0.3790E+01  0.5787E+00    0.9656  0.5556E-12
  0.4425  -0.236E+02  0.1374E+01  0.7899E-03  0.2965E+01  0.4720E+00    0.9548  0.1381E-11
  0.4377  -0.298E+02  0.1475E+01  0.7702E-03  0.2252E+01  0.3526E+00    0.9414  0.3284E-11
  0.4318  -0.376E+02  0.1576E+01  0.7361E-03  0.1658E+01  0.2195E+00    0.9251  0.7450E-11
  0.4248  -0.475E+02  0.1677E+01  0.6878E-03  0.1180E+01  0.7183E-01    0.9056  0.1609E-10
  0.4166  -0.599E+02  0.1778E+01  0.6273E-03  0.8117E+00 -0.9061E-01    0.8830  0.3298E-10
  0.4073  -0.756E+02  0.1879E+01  0.5578E-03  0.5399E+00 -0.2677E+00    0.8572  0.6399E-10
  0.3970  -0.955E+02  0.1980E+01  0.4837E-03  0.3477E+00 -0.4588E+00    0.8287  0.1174E-09
  0.3859  -0.120E+03  0.2081E+01  0.4093E-03  0.2173E+00 -0.6629E+00    0.7979  0.2039E-09
  0.3741  -0.152E+03  0.2182E+01  0.3388E-03  0.1323E+00 -0.8786E+00    0.7653  0.3353E-09
  0.3620  -0.192E+03  0.2283E+01  0.2750E-03  0.7865E-01 -0.1104E+01    0.7317  0.5241E-09
  0.3497  -0.242E+03  0.2384E+01  0.2194E-03  0.4586E-01 -0.1339E+01    0.6975  0.7814E-09
  0.3374  -0.305E+03  0.2485E+01  0.1726E-03  0.2632E-01 -0.1580E+01    0.6634  0.1116E-08
  0.3252  -0.385E+03  0.2586E+01  0.1342E-03  0.1491E-01 -0.1826E+01    0.6297  0.1534E-08
  0.3133  -0.486E+03  0.2687E+01  0.1034E-03  0.8361E-02 -0.2078E+01    0.5968  0.2036E-08
  0.3018  -0.614E+03  0.2788E+01  0.7911E-04  0.4651E-02 -0.2332E+01    0.5650  0.2624E-08
  0.2908  -0.774E+03  0.2889E+01  0.6018E-04  0.2571E-02 -0.2590E+01    0.5343  0.3293E-08
  0.2802  -0.977E+03  0.2990E+01  0.4558E-04  0.1415E-02 -0.2849E+01    0.5049  0.4037E-08
  0.2701  -0.123E+04  0.3091E+01  0.3441E-04  0.7755E-03 -0.3110E+01    0.4769  0.4849E-08
  0.2604  -0.156E+04  0.3192E+01  0.2591E-04  0.4239E-03 -0.3373E+01    0.4502  0.5722E-08
  0.2513  -0.196E+04  0.3293E+01  0.1947E-04  0.2313E-03 -0.3636E+01    0.4249  0.6646E-08
  0.2427  -0.248E+04  0.3394E+01  0.1461E-04  0.1260E-03 -0.3900E+01    0.4009  0.7613E-08
  0.2345  -0.313E+04  0.3495E+01  0.1095E-04  0.6854E-04 -0.4164E+01    0.3782  0.8613E-08
  0.2267  -0.394E+04  0.3596E+01  0.8204E-05  0.3726E-04 -0.4429E+01    0.3568  0.9639E-08
  0.2194  -0.498E+04  0.3697E+01  0.6142E-05  0.2024E-04 -0.4694E+01    0.3365  0.1068E-07
  0.2125  -0.628E+04  0.3798E+01  0.4595E-05  0.1099E-04 -0.4959E+01    0.3174  0.1173E-07
  0.2060  -0.792E+04  0.3899E+01  0.3437E-05  0.5964E-05 -0.5224E+01    0.2993  0.1279E-07
  0.1998  -0.100E+05  0.4000E+01  0.2570E-05  0.3236E-05 -0.5490E+01    0.2822  0.1383E-07
end
