 ******* Program HYDRUS
 ******* 
 Welcome to HYDRUS-1D                                                    
 Date:  24. 9.    Time:   0:47:25
 Units: L = cm   , T = days , M = mmol 


 Time:        0.0000


 Node      Depth      Head Moisture       K          C         Flux        Sink         Kappa   v/KsTop   Temp
           [L]        [L]    [-]        [L/T]      [1/L]      [L/T]        [1/T]         [-]      [-]      [C]

   1     0.0000    -100.000 0.3950   0.3240E+00  0.4702E-03 -0.3240E+00  0.0000E+00      -1  -0.220E-01   20.00
   2    -0.1000    -100.000 0.3950   0.3240E+00  0.4702E-03 -0.3240E+00  0.0000E+00      -1  -0.220E-01   20.00
   3    -0.2000    -100.000 0.3950   0.3240E+00  0.4702E-03 -0.3240E+00  0.0000E+00      -1  -0.220E-01   20.00
   4    -0.4000    -100.000 0.3950   0.3240E+00  0.4702E-03 -0.3240E+00  0.0000E+00      -1  -0.220E-01   20.00
   5    -0.6000    -100.000 0.3950   0.3240E+00  0.4702E-03 -0.3240E+00  0.0000E+00      -1  -0.220E-01   20.00
   6    -0.9000    -100.000 0.3950   0.3240E+00  0.4702E-03 -0.3240E+00  0.0000E+00      -1  -0.220E-01   20.00
   7    -1.2000    -100.000 0.3950   0.3240E+00  0.4702E-03 -0.3240E+00  0.0000E+00      -1  -0.220E-01   20.00
   8    -1.6000    -100.000 0.3950   0.3240E+00  0.4702E-03 -0.3240E+00  0.0000E+00      -1  -0.220E-01   20.00
   9    -2.0000    -100.000 0.3950   0.3240E+00  0.4702E-03 -0.3240E+00  0.0000E+00      -1  -0.220E-01   20.00
  10    -2.5000    -100.000 0.3950   0.3240E+00  0.4702E-03 -0.3240E+00  0.0000E+00      -1  -0.220E-01   20.00
  11    -3.0000    -100.000 0.3950   0.3240E+00  0.4702E-03 -0.3240E+00  0.0000E+00      -1  -0.220E-01   20.00
  12    -3.6000    -100.000 0.3950   0.3240E+00  0.4702E-03 -0.3240E+00  0.0000E+00      -1  -0.220E-01   20.00
  13    -4.2000    -100.000 0.3950   0.3240E+00  0.4702E-03 -0.3240E+00  0.0000E+00      -1  -0.220E-01   20.00
  14    -4.9000    -100.000 0.3950   0.3240E+00  0.4702E-03 -0.3240E+00  0.0000E+00      -1  -0.220E-01   20.00
  15    -5.6000    -100.000 0.3950   0.3240E+00  0.4702E-03 -0.3240E+00  0.0000E+00      -1  -0.220E-01   20.00
  16    -6.4000    -100.000 0.3950   0.3240E+00  0.4702E-03 -0.3240E+00  0.0000E+00      -1  -0.220E-01   20.00
  17    -7.2000    -100.000 0.3950   0.3240E+00  0.4702E-03 -0.3240E+00  0.0000E+00      -1  -0.220E-01   20.00
  18    -8.1000    -100.000 0.3950   0.3240E+00  0.4702E-03 -0.3240E+00  0.0000E+00      -1  -0.220E-01   20.00
  19    -9.0000    -100.000 0.3950   0.3240E+00  0.4702E-03 -0.3240E+00  0.0000E+00      -1  -0.220E-01   20.00
  20   -10.0000    -100.000 0.3950   0.3240E+00  0.4702E-03 -0.3240E+00  0.0000E+00      -1  -0.220E-01   20.00
  21   -11.0000    -100.000 0.3950   0.3240E+00  0.4702E-03 -0.3240E+00  0.0000E+00      -1  -0.220E-01   20.00
  22   -12.0000    -100.000 0.3950   0.3240E+00  0.4702E-03 -0.3240E+00  0.0000E+00      -1  -0.220E-01   20.00
  23   -13.0000    -100.000 0.3950   0.3240E+00  0.4702E-03 -0.3240E+00  0.0000E+00      -1  -0.220E-01   20.00
  24   -14.0000    -100.000 0.3950   0.3240E+00  0.4702E-03 -0.3240E+00  0.0000E+00      -1  -0.220E-01   20.00
  25   -15.0000    -100.000 0.3950   0.3240E+00  0.4702E-03 -0.3240E+00  0.0000E+00      -1  -0.220E-01   20.00
  26   -16.0000    -100.000 0.3950   0.3240E+00  0.4702E-03 -0.3240E+00  0.0000E+00      -1  -0.220E-01   20.00
  27   -17.0000    -100.000 0.3950   0.3240E+00  0.4702E-03 -0.3240E+00  0.0000E+00      -1  -0.220E-01   20.00
  28   -18.0000    -100.000 0.3950   0.3240E+00  0.4702E-03 -0.3240E+00  0.0000E+00      -1  -0.220E-01   20.00
  29   -19.0000    -100.000 0.3950   0.3240E+00  0.4702E-03 -0.3240E+00  0.0000E+00      -1  -0.220E-01   20.00
  30   -20.0000    -100.000 0.3950   0.3240E+00  0.4702E-03 -0.3240E+00  0.0000E+00      -1  -0.220E-01   20.00
  31   -21.0000    -100.000 0.3950   0.3240E+00  0.4702E-03 -0.3240E+00  0.0000E+00      -1  -0.220E-01   20.00
  32   -22.0000    -100.000 0.3950   0.3240E+00  0.4702E-03 -0.3240E+00  0.0000E+00      -1  -0.220E-01   20.00
  33   -23.0000    -100.000 0.3950   0.3240E+00  0.4702E-03 -0.3240E+00  0.0000E+00      -1  -0.220E-01   20.00
  34   -24.0000    -100.000 0.3950   0.3240E+00  0.4702E-03 -0.3240E+00  0.0000E+00      -1  -0.220E-01   20.00
  35   -25.0000    -100.000 0.3950   0.3240E+00  0.4702E-03 -0.3240E+00  0.0000E+00      -1  -0.220E-01   20.00
  36   -26.0000    -100.000 0.3950   0.3240E+00  0.4702E-03 -0.3240E+00  0.0000E+00      -1  -0.220E-01   20.00
  37   -27.0000    -100.000 0.3950   0.3240E+00  0.4702E-03 -0.3240E+00  0.0000E+00      -1  -0.220E-01   20.00
  38   -28.0000    -100.000 0.3950   0.3240E+00  0.4702E-03 -0.3240E+00  0.0000E+00      -1  -0.220E-01   20.00
  39   -29.0000    -100.000 0.3950   0.3240E+00  0.4702E-03 -0.3240E+00  0.0000E+00      -1  -0.220E-01   20.00
  40   -30.0000    -100.000 0.3950   0.3240E+00  0.4702E-03 -0.3240E+00  0.0000E+00      -1  -0.220E-01   20.00
  41   -31.0000    -100.000 0.3950   0.3240E+00  0.4702E-03 -0.3240E+00  0.0000E+00      -1  -0.220E-01   20.00
  42   -32.0000    -100.000 0.3950   0.3240E+00  0.4702E-03 -0.3240E+00  0.0000E+00      -1  -0.220E-01   20.00
  43   -33.0000    -100.000 0.3950   0.3240E+00  0.4702E-03 -0.3240E+00  0.0000E+00      -1  -0.220E-01   20.00
  44   -34.0000    -100.000 0.3950   0.3240E+00  0.4702E-03 -0.3240E+00  0.0000E+00      -1  -0.220E-01   20.00
  45   -35.0000    -100.000 0.3950   0.3240E+00  0.4702E-03 -0.3240E+00  0.0000E+00      -1  -0.220E-01   20.00
  46   -36.0000    -100.000 0.3950   0.3240E+00  0.4702E-03 -0.3240E+00  0.0000E+00      -1  -0.220E-01   20.00
  47   -37.0000    -100.000 0.3950   0.3240E+00  0.4702E-03 -0.3240E+00  0.0000E+00      -1  -0.220E-01   20.00
  48   -38.0000    -100.000 0.3950   0.3240E+00  0.4702E-03 -0.3240E+00  0.0000E+00      -1  -0.220E-01   20.00
  49   -39.0000    -100.000 0.3950   0.3240E+00  0.4702E-03 -0.3240E+00  0.0000E+00      -1  -0.220E-01   20.00
  50   -40.0000    -100.000 0.3950   0.3240E+00  0.4702E-03 -0.3240E+00  0.0000E+00      -1  -0.220E-01   20.00
  51   -41.0000    -100.000 0.3950   0.3240E+00  0.4702E-03 -0.3240E+00  0.0000E+00      -1  -0.220E-01   20.00
  52   -42.0000    -100.000 0.3950   0.3240E+00  0.4702E-03 -0.3240E+00  0.0000E+00      -1  -0.220E-01   20.00
  53   -43.0000    -100.000 0.3950   0.3240E+00  0.4702E-03 -0.3240E+00  0.0000E+00      -1  -0.220E-01   20.00
  54   -44.0000    -100.000 0.3950   0.3240E+00  0.4702E-03 -0.3240E+00  0.0000E+00      -1  -0.220E-01   20.00
  55   -45.0000    -100.000 0.3950   0.3240E+00  0.4702E-03 -0.3240E+00  0.0000E+00      -1  -0.220E-01   20.00
  56   -46.0000    -100.000 0.3950   0.3240E+00  0.4702E-03 -0.3240E+00  0.0000E+00      -1  -0.220E-01   20.00
  57   -47.0000    -100.000 0.3950   0.3240E+00  0.4702E-03 -0.3240E+00  0.0000E+00      -1  -0.220E-01   20.00
  58   -48.0000    -100.000 0.3950   0.3240E+00  0.4702E-03 -0.3240E+00  0.0000E+00      -1  -0.220E-01   20.00
  59   -49.0000    -100.000 0.3950   0.3240E+00  0.4702E-03 -0.3240E+00  0.0000E+00      -1  -0.220E-01   20.00
  60   -50.0000    -100.000 0.3950   0.3240E+00  0.4702E-03 -0.3240E+00  0.0000E+00      -1  -0.220E-01   20.00
  61   -51.0000    -100.000 0.3950   0.3240E+00  0.4702E-03 -0.3240E+00  0.0000E+00      -1  -0.220E-01   20.00
  62   -52.0000    -100.000 0.3950   0.3240E+00  0.4702E-03 -0.3240E+00  0.0000E+00      -1  -0.220E-01   20.00
  63   -53.0000    -100.000 0.3950   0.3240E+00  0.4702E-03 -0.3240E+00  0.0000E+00      -1  -0.220E-01   20.00
  64   -54.0000    -100.000 0.3950   0.3240E+00  0.4702E-03 -0.3240E+00  0.0000E+00      -1  -0.220E-01   20.00
  65   -55.0000    -100.000 0.3950   0.3240E+00  0.4702E-03 -0.3240E+00  0.0000E+00      -1  -0.220E-01   20.00
  66   -56.0000    -100.000 0.3950   0.3240E+00  0.4702E-03 -0.3240E+00  0.0000E+00      -1  -0.220E-01   20.00
  67   -57.0000    -100.000 0.3950   0.3240E+00  0.4702E-03 -0.3240E+00  0.0000E+00      -1  -0.220E-01   20.00
  68   -58.0000    -100.000 0.3950   0.3240E+00  0.4702E-03 -0.3240E+00  0.0000E+00      -1  -0.220E-01   20.00
  69   -59.0000    -100.000 0.3950   0.3240E+00  0.4702E-03 -0.3240E+00  0.0000E+00      -1  -0.220E-01   20.00
  70   -60.0000    -100.000 0.3950   0.3240E+00  0.4702E-03 -0.3240E+00  0.0000E+00      -1  -0.220E-01   20.00
  71   -61.0000    -100.000 0.3950   0.3240E+00  0.4702E-03 -0.3240E+00  0.0000E+00      -1  -0.220E-01   20.00
  72   -62.0000    -100.000 0.3950   0.3240E+00  0.4702E-03 -0.3240E+00  0.0000E+00      -1  -0.220E-01   20.00
  73   -63.0000    -100.000 0.3950   0.3240E+00  0.4702E-03 -0.3240E+00  0.0000E+00      -1  -0.220E-01   20.00
  74   -64.0000    -100.000 0.3950   0.3240E+00  0.4702E-03 -0.3240E+00  0.0000E+00      -1  -0.220E-01   20.00
  75   -65.0000    -100.000 0.3950   0.3240E+00  0.4702E-03 -0.3240E+00  0.0000E+00      -1  -0.220E-01   20.00
  76   -66.0000    -100.000 0.3950   0.3240E+00  0.4702E-03 -0.3240E+00  0.0000E+00      -1  -0.220E-01   20.00
  77   -67.0000    -100.000 0.3950   0.3240E+00  0.4702E-03 -0.3240E+00  0.0000E+00      -1  -0.220E-01   20.00
  78   -68.0000    -100.000 0.3950   0.3240E+00  0.4702E-03 -0.3240E+00  0.0000E+00      -1  -0.220E-01   20.00
  79   -69.0000    -100.000 0.3950   0.3240E+00  0.4702E-03 -0.3240E+00  0.0000E+00      -1  -0.220E-01   20.00
  80   -70.0000    -100.000 0.3950   0.3240E+00  0.4702E-03 -0.3240E+00  0.0000E+00      -1  -0.220E-01   20.00
  81   -71.0000    -100.000 0.3950   0.3240E+00  0.4702E-03 -0.3240E+00  0.0000E+00      -1  -0.220E-01   20.00
  82   -72.0000    -100.000 0.3950   0.3240E+00  0.4702E-03 -0.3240E+00  0.0000E+00      -1  -0.220E-01   20.00
  83   -73.0000    -100.000 0.3950   0.3240E+00  0.4702E-03 -0.3240E+00  0.0000E+00      -1  -0.220E-01   20.00
  84   -74.0000    -100.000 0.3950   0.3240E+00  0.4702E-03 -0.3240E+00  0.0000E+00      -1  -0.220E-01   20.00
  85   -75.0000    -100.000 0.3950   0.3240E+00  0.4702E-03 -0.3240E+00  0.0000E+00      -1  -0.220E-01   20.00
  86   -76.0000    -100.000 0.3950   0.3240E+00  0.4702E-03 -0.3240E+00  0.0000E+00      -1  -0.220E-01   20.00
  87   -77.0000    -100.000 0.3950   0.3240E+00  0.4702E-03 -0.3240E+00  0.0000E+00      -1  -0.220E-01   20.00
  88   -78.0000    -100.000 0.3950   0.3240E+00  0.4702E-03 -0.3240E+00  0.0000E+00      -1  -0.220E-01   20.00
  89   -79.0000    -100.000 0.3950   0.3240E+00  0.4702E-03 -0.3240E+00  0.0000E+00      -1  -0.220E-01   20.00
  90   -80.0000    -100.000 0.3950   0.3240E+00  0.4702E-03 -0.3240E+00  0.0000E+00      -1  -0.220E-01   20.00
  91   -81.0000    -100.000 0.3950   0.3240E+00  0.4702E-03 -0.3240E+00  0.0000E+00      -1  -0.220E-01   20.00
  92   -82.0000    -100.000 0.3950   0.3240E+00  0.4702E-03 -0.3240E+00  0.0000E+00      -1  -0.220E-01   20.00
  93   -83.0000    -100.000 0.3950   0.3240E+00  0.4702E-03 -0.3240E+00  0.0000E+00      -1  -0.220E-01   20.00
  94   -84.0000    -100.000 0.3950   0.3240E+00  0.4702E-03 -0.3240E+00  0.0000E+00      -1  -0.220E-01   20.00
  95   -85.0000    -100.000 0.3950   0.3240E+00  0.4702E-03 -0.3240E+00  0.0000E+00      -1  -0.220E-01   20.00
  96   -86.0000    -100.000 0.3950   0.3240E+00  0.4702E-03 -0.3240E+00  0.0000E+00      -1  -0.220E-01   20.00
  97   -87.0000    -100.000 0.3950   0.3240E+00  0.4702E-03 -0.3240E+00  0.0000E+00      -1  -0.220E-01   20.00
  98   -88.0000    -100.000 0.3950   0.3240E+00  0.4702E-03 -0.3240E+00  0.0000E+00      -1  -0.220E-01   20.00
  99   -89.0000    -100.000 0.3950   0.3240E+00  0.4702E-03 -0.3240E+00  0.0000E+00      -1  -0.220E-01   20.00
 100   -90.0000    -100.000 0.3950   0.3240E+00  0.4702E-03 -0.3240E+00  0.0000E+00      -1  -0.220E-01   20.00
 101   -91.0000    -100.000 0.3950   0.3240E+00  0.4702E-03 -0.3240E+00  0.0000E+00      -1  -0.220E-01   20.00
 102   -92.0000    -100.000 0.3950   0.3240E+00  0.4702E-03 -0.3240E+00  0.0000E+00      -1  -0.220E-01   20.00
 103   -93.0000    -100.000 0.3950   0.3240E+00  0.4702E-03 -0.3240E+00  0.0000E+00      -1  -0.220E-01   20.00
 104   -94.0000    -100.000 0.3950   0.3240E+00  0.4702E-03 -0.3240E+00  0.0000E+00      -1  -0.220E-01   20.00
 105   -95.0000    -100.000 0.3950   0.3240E+00  0.4702E-03 -0.3240E+00  0.0000E+00      -1  -0.220E-01   20.00
 106   -96.0000    -100.000 0.3950   0.3240E+00  0.4702E-03 -0.3240E+00  0.0000E+00      -1  -0.220E-01   20.00
 107   -97.0000    -100.000 0.3950   0.3240E+00  0.4702E-03 -0.3240E+00  0.0000E+00      -1  -0.220E-01   20.00
 108   -98.0000    -100.000 0.3950   0.3240E+00  0.4702E-03 -0.3240E+00  0.0000E+00      -1  -0.220E-01   20.00
 109   -99.0000    -100.000 0.3950   0.3240E+00  0.4702E-03 -0.3240E+00  0.0000E+00      -1  -0.220E-01   20.00
 110  -100.0000    -100.000 0.3950   0.3240E+00  0.4702E-03 -0.3240E+00  0.0000E+00      -1  -0.220E-01   20.00
 111  -101.0000    -100.000 0.3950   0.3240E+00  0.4702E-03 -0.3240E+00  0.0000E+00      -1  -0.220E-01   20.00
 112  -102.0000    -100.000 0.3950   0.3240E+00  0.4702E-03 -0.3240E+00  0.0000E+00      -1  -0.220E-01   20.00
 113  -103.0000    -100.000 0.3950   0.3240E+00  0.4702E-03 -0.3240E+00  0.0000E+00      -1  -0.220E-01   20.00
 114  -104.0000    -100.000 0.3950   0.3240E+00  0.4702E-03 -0.3240E+00  0.0000E+00      -1  -0.220E-01   20.00
 115  -105.0000    -100.000 0.3950   0.3240E+00  0.4702E-03 -0.3240E+00  0.0000E+00      -1  -0.220E-01   20.00
 116  -106.0000    -100.000 0.3950   0.3240E+00  0.4702E-03 -0.3240E+00  0.0000E+00      -1  -0.220E-01   20.00
 117  -107.0000    -100.000 0.3950   0.3240E+00  0.4702E-03 -0.3240E+00  0.0000E+00      -1  -0.220E-01   20.00
 118  -108.0000    -100.000 0.3950   0.3240E+00  0.4702E-03 -0.3240E+00  0.0000E+00      -1  -0.220E-01   20.00
 119  -109.0000    -100.000 0.3950   0.3240E+00  0.4702E-03 -0.3240E+00  0.0000E+00      -1  -0.220E-01   20.00
 120  -110.0000    -100.000 0.3950   0.3240E+00  0.4702E-03 -0.3240E+00  0.0000E+00      -1  -0.220E-01   20.00
 121  -111.0000    -100.000 0.3950   0.3240E+00  0.4702E-03 -0.3240E+00  0.0000E+00      -1  -0.220E-01   20.00
 122  -112.0000    -100.000 0.3950   0.3240E+00  0.4702E-03 -0.3240E+00  0.0000E+00      -1  -0.220E-01   20.00
 123  -113.0000    -100.000 0.3950   0.3240E+00  0.4702E-03 -0.3240E+00  0.0000E+00      -1  -0.220E-01   20.00
 124  -114.0000    -100.000 0.3950   0.3240E+00  0.4702E-03 -0.3240E+00  0.0000E+00      -1  -0.220E-01   20.00
 125  -115.0000    -100.000 0.3950   0.3240E+00  0.4702E-03 -0.3240E+00  0.0000E+00      -1  -0.220E-01   20.00
 126  -116.0000    -100.000 0.3950   0.3240E+00  0.4702E-03 -0.3240E+00  0.0000E+00      -1  -0.220E-01   20.00
 127  -117.0000    -100.000 0.3950   0.3240E+00  0.4702E-03 -0.3240E+00  0.0000E+00      -1  -0.220E-01   20.00
 128  -118.0000    -100.000 0.3950   0.3240E+00  0.4702E-03 -0.3240E+00  0.0000E+00      -1  -0.220E-01   20.00
 129  -119.0000    -100.000 0.3950   0.3240E+00  0.4702E-03 -0.3240E+00  0.0000E+00      -1  -0.220E-01   20.00
 130  -120.0000    -100.000 0.3950   0.3240E+00  0.4702E-03 -0.3240E+00  0.0000E+00      -1  -0.220E-01   20.00
 131  -121.0000    -100.000 0.3950   0.3240E+00  0.4702E-03 -0.3240E+00  0.0000E+00      -1  -0.220E-01   20.00
 132  -122.0000    -100.000 0.3950   0.3240E+00  0.4702E-03 -0.3240E+00  0.0000E+00      -1  -0.220E-01   20.00
 133  -123.0000    -100.000 0.3950   0.3240E+00  0.4702E-03 -0.3240E+00  0.0000E+00      -1  -0.220E-01   20.00
 134  -124.0000    -100.000 0.3950   0.3240E+00  0.4702E-03 -0.3240E+00  0.0000E+00      -1  -0.220E-01   20.00
 135  -125.0000    -100.000 0.3950   0.3240E+00  0.4702E-03 -0.3240E+00  0.0000E+00      -1  -0.220E-01   20.00
 136  -126.0000    -100.000 0.3950   0.3240E+00  0.4702E-03 -0.3240E+00  0.0000E+00      -1  -0.220E-01   20.00
 137  -127.0000    -100.000 0.3950   0.3240E+00  0.4702E-03 -0.3240E+00  0.0000E+00      -1  -0.220E-01   20.00
 138  -128.0000    -100.000 0.3950   0.3240E+00  0.4702E-03 -0.3240E+00  0.0000E+00      -1  -0.220E-01   20.00
 139  -129.0000    -100.000 0.3950   0.3240E+00  0.4702E-03 -0.3240E+00  0.0000E+00      -1  -0.220E-01   20.00
 140  -130.0000    -100.000 0.3950   0.3240E+00  0.4702E-03 -0.3240E+00  0.0000E+00      -1  -0.220E-01   20.00
 141  -131.0000    -100.000 0.3950   0.3240E+00  0.4702E-03 -0.3240E+00  0.0000E+00      -1  -0.220E-01   20.00
 142  -132.0000    -100.000 0.3950   0.3240E+00  0.4702E-03 -0.3240E+00  0.0000E+00      -1  -0.220E-01   20.00
 143  -133.0000    -100.000 0.3950   0.3240E+00  0.4702E-03 -0.3240E+00  0.0000E+00      -1  -0.220E-01   20.00
 144  -134.0000    -100.000 0.3950   0.3240E+00  0.4702E-03 -0.3240E+00  0.0000E+00      -1  -0.220E-01   20.00
 145  -135.0000    -100.000 0.3950   0.3240E+00  0.4702E-03 -0.3240E+00  0.0000E+00      -1  -0.220E-01   20.00
 146  -136.0000    -100.000 0.3950   0.3240E+00  0.4702E-03 -0.3240E+00  0.0000E+00      -1  -0.220E-01   20.00
 147  -137.0000    -100.000 0.3950   0.3240E+00  0.4702E-03 -0.3240E+00  0.0000E+00      -1  -0.220E-01   20.00
 148  -138.0000    -100.000 0.3950   0.3240E+00  0.4702E-03 -0.3240E+00  0.0000E+00      -1  -0.220E-01   20.00
 149  -139.0000    -100.000 0.3950   0.3240E+00  0.4702E-03 -0.3240E+00  0.0000E+00      -1  -0.220E-01   20.00
 150  -140.0000    -100.000 0.3950   0.3240E+00  0.4702E-03 -0.3240E+00  0.0000E+00      -1  -0.220E-01   20.00
 151  -141.0000    -100.000 0.3950   0.3240E+00  0.4702E-03 -0.3240E+00  0.0000E+00      -1  -0.220E-01   20.00
 152  -142.0000    -100.000 0.3950   0.3240E+00  0.4702E-03 -0.3240E+00  0.0000E+00      -1  -0.220E-01   20.00
 153  -143.0000    -100.000 0.3950   0.3240E+00  0.4702E-03 -0.3240E+00  0.0000E+00      -1  -0.220E-01   20.00
 154  -144.0000    -100.000 0.3950   0.3240E+00  0.4702E-03 -0.3240E+00  0.0000E+00      -1  -0.220E-01   20.00
 155  -145.0000    -100.000 0.3950   0.3240E+00  0.4702E-03 -0.3240E+00  0.0000E+00      -1  -0.220E-01   20.00
 156  -146.0000    -100.000 0.3950   0.3240E+00  0.4702E-03 -0.3240E+00  0.0000E+00      -1  -0.220E-01   20.00
 157  -147.0000    -100.000 0.3950   0.3240E+00  0.4702E-03 -0.3240E+00  0.0000E+00      -1  -0.220E-01   20.00
 158  -148.0000    -100.000 0.3950   0.3240E+00  0.4702E-03 -0.3240E+00  0.0000E+00      -1  -0.220E-01   20.00
 159  -149.0000    -100.000 0.3950   0.3240E+00  0.4702E-03 -0.3240E+00  0.0000E+00      -1  -0.220E-01   20.00
 160  -150.0000    -100.000 0.3950   0.3240E+00  0.4702E-03 -0.3240E+00  0.0000E+00      -1  -0.220E-01   20.00
 161  -151.0000    -100.000 0.3950   0.3240E+00  0.4702E-03 -0.3240E+00  0.0000E+00      -1  -0.220E-01   20.00
 162  -152.0000    -100.000 0.3950   0.3240E+00  0.4702E-03 -0.3240E+00  0.0000E+00      -1  -0.220E-01   20.00
 163  -153.0000    -100.000 0.3950   0.3240E+00  0.4702E-03 -0.3240E+00  0.0000E+00      -1  -0.220E-01   20.00
 164  -154.0000    -100.000 0.3950   0.3240E+00  0.4702E-03 -0.3240E+00  0.0000E+00      -1  -0.220E-01   20.00
 165  -155.0000    -100.000 0.3950   0.3240E+00  0.4702E-03 -0.3240E+00  0.0000E+00      -1  -0.220E-01   20.00
 166  -156.0000    -100.000 0.3950   0.3240E+00  0.4702E-03 -0.3240E+00  0.0000E+00      -1  -0.220E-01   20.00
 167  -157.0000    -100.000 0.3950   0.3240E+00  0.4702E-03 -0.3240E+00  0.0000E+00      -1  -0.220E-01   20.00
 168  -158.0000    -100.000 0.3950   0.3240E+00  0.4702E-03 -0.3240E+00  0.0000E+00      -1  -0.220E-01   20.00
 169  -159.0000    -100.000 0.3950   0.3240E+00  0.4702E-03 -0.3240E+00  0.0000E+00      -1  -0.220E-01   20.00
 170  -160.0000    -100.000 0.3950   0.3240E+00  0.4702E-03 -0.3240E+00  0.0000E+00      -1  -0.220E-01   20.00
 171  -161.0000    -100.000 0.3950   0.3240E+00  0.4702E-03 -0.3240E+00  0.0000E+00      -1  -0.220E-01   20.00
 172  -162.0000    -100.000 0.3950   0.3240E+00  0.4702E-03 -0.3240E+00  0.0000E+00      -1  -0.220E-01   20.00
 173  -163.0000    -100.000 0.3950   0.3240E+00  0.4702E-03 -0.3240E+00  0.0000E+00      -1  -0.220E-01   20.00
 174  -164.0000    -100.000 0.3950   0.3240E+00  0.4702E-03 -0.3240E+00  0.0000E+00      -1  -0.220E-01   20.00
 175  -165.0000    -100.000 0.3950   0.3240E+00  0.4702E-03 -0.3240E+00  0.0000E+00      -1  -0.220E-01   20.00
 176  -166.0000    -100.000 0.3950   0.3240E+00  0.4702E-03 -0.3240E+00  0.0000E+00      -1  -0.220E-01   20.00
 177  -167.0000    -100.000 0.3950   0.3240E+00  0.4702E-03 -0.3240E+00  0.0000E+00      -1  -0.220E-01   20.00
 178  -168.0000    -100.000 0.3950   0.3240E+00  0.4702E-03 -0.3240E+00  0.0000E+00      -1  -0.220E-01   20.00
 179  -169.0000    -100.000 0.3950   0.3240E+00  0.4702E-03 -0.3240E+00  0.0000E+00      -1  -0.220E-01   20.00
 180  -170.0000    -100.000 0.3950   0.3240E+00  0.4702E-03 -0.3240E+00  0.0000E+00      -1  -0.220E-01   20.00
 181  -171.0000    -100.000 0.3950   0.3240E+00  0.4702E-03 -0.3240E+00  0.0000E+00      -1  -0.220E-01   20.00
 182  -172.0000    -100.000 0.3950   0.3240E+00  0.4702E-03 -0.3240E+00  0.0000E+00      -1  -0.220E-01   20.00
 183  -173.0000    -100.000 0.3950   0.3240E+00  0.4702E-03 -0.3240E+00  0.0000E+00      -1  -0.220E-01   20.00
 184  -174.0000    -100.000 0.3950   0.3240E+00  0.4702E-03 -0.3240E+00  0.0000E+00      -1  -0.220E-01   20.00
 185  -175.0000    -100.000 0.3950   0.3240E+00  0.4702E-03 -0.3240E+00  0.0000E+00      -1  -0.220E-01   20.00
 186  -176.0000    -100.000 0.3950   0.3240E+00  0.4702E-03 -0.3240E+00  0.0000E+00      -1  -0.220E-01   20.00
 187  -177.0000    -100.000 0.3950   0.3240E+00  0.4702E-03 -0.3240E+00  0.0000E+00      -1  -0.220E-01   20.00
 188  -178.0000    -100.000 0.3950   0.3240E+00  0.4702E-03 -0.3240E+00  0.0000E+00      -1  -0.220E-01   20.00
 189  -179.0000    -100.000 0.3950   0.3240E+00  0.4702E-03 -0.3240E+00  0.0000E+00      -1  -0.220E-01   20.00
 190  -180.0000    -100.000 0.3950   0.3240E+00  0.4702E-03 -0.3240E+00  0.0000E+00      -1  -0.220E-01   20.00
 191  -181.0000    -100.000 0.3950   0.3240E+00  0.4702E-03 -0.3240E+00  0.0000E+00      -1  -0.220E-01   20.00
 192  -182.0000    -100.000 0.3950   0.3240E+00  0.4702E-03 -0.3240E+00  0.0000E+00      -1  -0.220E-01   20.00
 193  -183.0000    -100.000 0.3950   0.3240E+00  0.4702E-03 -0.3240E+00  0.0000E+00      -1  -0.220E-01   20.00
 194  -184.0000    -100.000 0.3950   0.3240E+00  0.4702E-03 -0.3240E+00  0.0000E+00      -1  -0.220E-01   20.00
 195  -185.0000    -100.000 0.3950   0.3240E+00  0.4702E-03 -0.3240E+00  0.0000E+00      -1  -0.220E-01   20.00
 196  -186.0000    -100.000 0.3950   0.3240E+00  0.4702E-03 -0.3240E+00  0.0000E+00      -1  -0.220E-01   20.00
 197  -187.0000    -100.000 0.3950   0.3240E+00  0.4702E-03 -0.3240E+00  0.0000E+00      -1  -0.220E-01   20.00
 198  -188.0000    -100.000 0.3950   0.3240E+00  0.4702E-03 -0.3240E+00  0.0000E+00      -1  -0.220E-01   20.00
 199  -189.0000    -100.000 0.3950   0.3240E+00  0.4702E-03 -0.3240E+00  0.0000E+00      -1  -0.220E-01   20.00
 200  -190.0000    -100.000 0.3950   0.3240E+00  0.4702E-03 -0.3240E+00  0.0000E+00      -1  -0.220E-01   20.00
 201  -191.0000    -100.000 0.3950   0.3240E+00  0.4702E-03 -0.3240E+00  0.0000E+00      -1  -0.220E-01   20.00
 202  -192.0000    -100.000 0.3950   0.3240E+00  0.4702E-03 -0.3240E+00  0.0000E+00      -1  -0.220E-01   20.00
 203  -193.0000    -100.000 0.3950   0.3240E+00  0.4702E-03 -0.3240E+00  0.0000E+00      -1  -0.220E-01   20.00
 204  -194.0000    -100.000 0.3950   0.3240E+00  0.4702E-03 -0.3240E+00  0.0000E+00      -1  -0.220E-01   20.00
 205  -195.0000    -100.000 0.3950   0.3240E+00  0.4702E-03 -0.3240E+00  0.0000E+00      -1  -0.220E-01   20.00
 206  -196.0000    -100.000 0.3950   0.3240E+00  0.4702E-03 -0.3240E+00  0.0000E+00      -1  -0.220E-01   20.00
 207  -197.0000    -100.000 0.3950   0.3240E+00  0.4702E-03 -0.3240E+00  0.0000E+00      -1  -0.220E-01   20.00
 208  -198.0000    -100.000 0.3950   0.3240E+00  0.4702E-03 -0.3240E+00  0.0000E+00      -1  -0.220E-01   20.00
 209  -199.0000    -100.000 0.3950   0.3240E+00  0.4702E-03 -0.3240E+00  0.0000E+00      -1  -0.220E-01   20.00
 210  -200.0000    -100.000 0.3950   0.3240E+00  0.4702E-03 -0.3240E+00  0.0000E+00      -1  -0.220E-01   20.00
end


 Time:     5475.0000


 Node      Depth      Head Moisture       K          C         Flux        Sink         Kappa   v/KsTop   Temp
           [L]        [L]    [-]        [L/T]      [1/L]      [L/T]        [1/T]         [-]      [-]      [C]

   1     0.0000   -2651.603 0.2406   0.1190E-03  0.1417E-04  0.1157E+00  0.0000E+00      -1   0.784E-02   20.00
   2    -0.1000   -2553.954 0.2418   0.1255E-03  0.1458E-04  0.1227E+00  0.0000E+00      -1   0.832E-02   20.00
   3    -0.2000   -2458.821 0.2433   0.1398E-03  0.1525E-04  0.1329E+00  0.0000E+00      -1   0.901E-02   20.00
   4    -0.4000   -2283.049 0.2461   0.1706E-03  0.1667E-04  0.1428E+00  0.0000E+00      -1   0.968E-02   20.00
   5    -0.6000   -2122.073 0.2487   0.2008E-03  0.1806E-04  0.1569E+00  0.0000E+00      -1   0.106E-01   20.00
   6    -0.9000   -1909.339 0.2526   0.2569E-03  0.2033E-04  0.1678E+00  0.0000E+00      -1   0.114E-01   20.00
   7    -1.2000   -1734.011 0.2565   0.3380E-03  0.2304E-04  0.1794E+00  0.0000E+00      -1   0.122E-01   20.00
   8    -1.6000   -1543.072 0.2608   0.4338E-03  0.2615E-04  0.1874E+00  0.0000E+00      -1   0.127E-01   20.00
   9    -2.0000   -1394.367 0.2652   0.5966E-03  0.3008E-04  0.1943E+00  0.0000E+00      -1   0.132E-01   20.00
  10    -2.5000   -1248.362 0.2696   0.7564E-03  0.3394E-04  0.1984E+00  0.0000E+00      -1   0.135E-01   20.00
  11    -3.0000   -1135.050 0.2739   0.1016E-02  0.3862E-04  0.2010E+00  0.0000E+00      -1   0.136E-01   20.00
  12    -3.6000   -1029.117 0.2781   0.1282E-02  0.4327E-04  0.2017E+00  0.0000E+00      -1   0.137E-01   20.00
  13    -4.2000    -944.474 0.2819   0.1597E-02  0.4789E-04  0.2008E+00  0.0000E+00      -1   0.136E-01   20.00
  14    -4.9000    -866.816 0.2859   0.2042E-02  0.5350E-04  0.1987E+00  0.0000E+00      -1   0.135E-01   20.00
  15    -5.6000    -803.916 0.2892   0.2401E-02  0.5803E-04  0.1956E+00  0.0000E+00      -1   0.133E-01   20.00
  16    -6.4000    -745.091 0.2928   0.2948E-02  0.6361E-04  0.1915E+00  0.0000E+00      -1   0.130E-01   20.00
  17    -7.2000    -697.828 0.2960   0.3560E-02  0.6918E-04  0.1862E+00  0.0000E+00      -1   0.126E-01   20.00
  18    -8.1000    -653.903 0.2991   0.4129E-02  0.7436E-04  0.1811E+00  0.0000E+00      -1   0.123E-01   20.00
  19    -9.0000    -616.286 0.3017   0.4616E-02  0.7879E-04  0.1751E+00  0.0000E+00      -1   0.119E-01   20.00
  20   -10.0000    -581.544 0.3047   0.5585E-02  0.8523E-04  0.1687E+00  0.0000E+00      -1   0.114E-01   20.00
  21   -11.0000    -552.991 0.3073   0.6417E-02  0.9068E-04  0.1622E+00  0.0000E+00      -1   0.110E-01   20.00
  22   -12.0000    -528.498 0.3095   0.7130E-02  0.9535E-04  0.1562E+00  0.0000E+00      -1   0.106E-01   20.00
  23   -13.0000    -506.910 0.3115   0.7759E-02  0.9947E-04  0.1505E+00  0.0000E+00      -1   0.102E-01   20.00
  24   -14.0000    -487.545 0.3132   0.8324E-02  0.1032E-03  0.1445E+00  0.0000E+00      -1   0.980E-02   20.00
  25   -15.0000    -470.572 0.3152   0.9380E-02  0.1082E-03  0.1383E+00  0.0000E+00      -1   0.937E-02   20.00
  26   -16.0000    -455.861 0.3169   0.1033E-01  0.1127E-03  0.1323E+00  0.0000E+00      -1   0.897E-02   20.00
  27   -17.0000    -442.835 0.3184   0.1118E-01  0.1167E-03  0.1266E+00  0.0000E+00      -1   0.859E-02   20.00
  28   -18.0000    -431.116 0.3198   0.1194E-01  0.1202E-03  0.1213E+00  0.0000E+00      -1   0.823E-02   20.00
  29   -19.0000    -420.451 0.3211   0.1263E-01  0.1235E-03  0.1163E+00  0.0000E+00      -1   0.788E-02   20.00
  30   -20.0000    -410.665 0.3222   0.1327E-01  0.1265E-03  0.1114E+00  0.0000E+00      -1   0.755E-02   20.00
  31   -21.0000    -401.625 0.3233   0.1385E-01  0.1292E-03  0.1067E+00  0.0000E+00      -1   0.724E-02   20.00
  32   -22.0000    -393.232 0.3243   0.1440E-01  0.1318E-03  0.1022E+00  0.0000E+00      -1   0.693E-02   20.00
  33   -23.0000    -385.408 0.3252   0.1491E-01  0.1342E-03  0.9728E-01  0.0000E+00      -1   0.660E-02   20.00
  34   -24.0000    -378.273 0.3263   0.1592E-01  0.1376E-03  0.9200E-01  0.0000E+00      -1   0.624E-02   20.00
  35   -25.0000    -371.814 0.3273   0.1684E-01  0.1407E-03  0.8699E-01  0.0000E+00      -1   0.590E-02   20.00
  36   -26.0000    -365.916 0.3282   0.1768E-01  0.1435E-03  0.8223E-01  0.0000E+00      -1   0.558E-02   20.00
  37   -27.0000    -360.494 0.3290   0.1846E-01  0.1461E-03  0.7769E-01  0.0000E+00      -1   0.527E-02   20.00
  38   -28.0000    -355.482 0.3297   0.1917E-01  0.1485E-03  0.7335E-01  0.0000E+00      -1   0.497E-02   20.00
  39   -29.0000    -350.830 0.3305   0.1984E-01  0.1508E-03  0.6918E-01  0.0000E+00      -1   0.469E-02   20.00
  40   -30.0000    -346.498 0.3311   0.2045E-01  0.1529E-03  0.6518E-01  0.0000E+00      -1   0.442E-02   20.00
  41   -31.0000    -342.450 0.3317   0.2103E-01  0.1548E-03  0.6132E-01  0.0000E+00      -1   0.416E-02   20.00
  42   -32.0000    -338.660 0.3323   0.2157E-01  0.1566E-03  0.5761E-01  0.0000E+00      -1   0.391E-02   20.00
  43   -33.0000    -335.104 0.3328   0.2208E-01  0.1583E-03  0.5403E-01  0.0000E+00      -1   0.366E-02   20.00
  44   -34.0000    -331.762 0.3333   0.2256E-01  0.1599E-03  0.5057E-01  0.0000E+00      -1   0.343E-02   20.00
  45   -35.0000    -328.617 0.3338   0.2301E-01  0.1614E-03  0.4724E-01  0.0000E+00      -1   0.320E-02   20.00
  46   -36.0000    -325.653 0.3343   0.2343E-01  0.1629E-03  0.4402E-01  0.0000E+00      -1   0.298E-02   20.00
  47   -37.0000    -322.857 0.3347   0.2383E-01  0.1642E-03  0.4092E-01  0.0000E+00      -1   0.277E-02   20.00
  48   -38.0000    -320.216 0.3351   0.2420E-01  0.1655E-03  0.3793E-01  0.0000E+00      -1   0.257E-02   20.00
  49   -39.0000    -317.721 0.3355   0.2456E-01  0.1667E-03  0.3504E-01  0.0000E+00      -1   0.238E-02   20.00
  50   -40.0000    -315.361 0.3358   0.2490E-01  0.1678E-03  0.3227E-01  0.0000E+00      -1   0.219E-02   20.00
  51   -41.0000    -313.128 0.3362   0.2522E-01  0.1689E-03  0.2959E-01  0.0000E+00      -1   0.201E-02   20.00
  52   -42.0000    -311.013 0.3365   0.2552E-01  0.1699E-03  0.2702E-01  0.0000E+00      -1   0.183E-02   20.00
  53   -43.0000    -309.009 0.3368   0.2580E-01  0.1708E-03  0.2455E-01  0.0000E+00      -1   0.166E-02   20.00
  54   -44.0000    -307.109 0.3371   0.2607E-01  0.1718E-03  0.2218E-01  0.0000E+00      -1   0.150E-02   20.00
  55   -45.0000    -305.307 0.3374   0.2634E-01  0.1726E-03  0.1961E-01  0.0000E+00      -1   0.133E-02   20.00
  56   -46.0000    -303.623 0.3377   0.2686E-01  0.1739E-03  0.1688E-01  0.0000E+00      -1   0.114E-02   20.00
  57   -47.0000    -302.049 0.3380   0.2735E-01  0.1750E-03  0.1430E-01  0.0000E+00      -1   0.969E-03   20.00
  58   -48.0000    -300.576 0.3383   0.2780E-01  0.1761E-03  0.1186E-01  0.0000E+00      -1   0.804E-03   20.00
  59   -49.0000    -299.195 0.3386   0.2823E-01  0.1772E-03  0.9564E-02  0.0000E+00      -1   0.648E-03   20.00
  60   -50.0000    -297.898 0.3388   0.2863E-01  0.1781E-03  0.7401E-02  0.0000E+00      -1   0.502E-03   20.00
  61   -51.0000    -296.678 0.3391   0.2901E-01  0.1790E-03  0.5368E-02  0.0000E+00      -1   0.364E-03   20.00
  62   -52.0000    -295.527 0.3393   0.2936E-01  0.1799E-03  0.3456E-02  0.0000E+00      -1   0.234E-03   20.00
  63   -53.0000    -294.442 0.3395   0.2970E-01  0.1807E-03  0.1662E-02  0.0000E+00      -1   0.113E-03   20.00
  64   -54.0000    -293.415 0.3397   0.3001E-01  0.1814E-03 -0.1791E-04  0.0000E+00      -1  -0.121E-05   20.00
  65   -55.0000    -292.443 0.3399   0.3031E-01  0.1821E-03 -0.1590E-02  0.0000E+00      -1  -0.108E-03   20.00
  66   -56.0000    -291.520 0.3401   0.3060E-01  0.1828E-03 -0.3059E-02  0.0000E+00      -1  -0.207E-03   20.00
  67   -57.0000    -290.642 0.3402   0.3087E-01  0.1835E-03 -0.4428E-02  0.0000E+00      -1  -0.300E-03   20.00
  68   -58.0000    -289.807 0.3404   0.3113E-01  0.1841E-03 -0.5702E-02  0.0000E+00      -1  -0.387E-03   20.00
  69   -59.0000    -289.009 0.3405   0.3137E-01  0.1847E-03 -0.6884E-02  0.0000E+00      -1  -0.467E-03   20.00
  70   -60.0000    -288.245 0.3407   0.3161E-01  0.1852E-03 -0.7979E-02  0.0000E+00      -1  -0.541E-03   20.00
  71   -61.0000    -287.513 0.3408   0.3183E-01  0.1858E-03 -0.8990E-02  0.0000E+00      -1  -0.610E-03   20.00
  72   -62.0000    -286.810 0.3410   0.3205E-01  0.1863E-03 -0.9922E-02  0.0000E+00      -1  -0.673E-03   20.00
  73   -63.0000    -286.133 0.3411   0.3226E-01  0.1868E-03 -0.1078E-01  0.0000E+00      -1  -0.731E-03   20.00
  74   -64.0000    -285.478 0.3412   0.3246E-01  0.1873E-03 -0.1156E-01  0.0000E+00      -1  -0.784E-03   20.00
  75   -65.0000    -284.845 0.3414   0.3266E-01  0.1878E-03 -0.1228E-01  0.0000E+00      -1  -0.832E-03   20.00
  76   -66.0000    -284.230 0.3415   0.3285E-01  0.1882E-03 -0.1293E-01  0.0000E+00      -1  -0.876E-03   20.00
  77   -67.0000    -283.632 0.3416   0.3303E-01  0.1886E-03 -0.1352E-01  0.0000E+00      -1  -0.916E-03   20.00
  78   -68.0000    -283.049 0.3417   0.3321E-01  0.1891E-03 -0.1405E-01  0.0000E+00      -1  -0.952E-03   20.00
  79   -69.0000    -282.478 0.3418   0.3339E-01  0.1895E-03 -0.1452E-01  0.0000E+00      -1  -0.985E-03   20.00
  80   -70.0000    -281.919 0.3419   0.3356E-01  0.1899E-03 -0.1495E-01  0.0000E+00      -1  -0.101E-02   20.00
  81   -71.0000    -281.369 0.3420   0.3373E-01  0.1903E-03 -0.1532E-01  0.0000E+00      -1  -0.104E-02   20.00
  82   -72.0000    -280.827 0.3421   0.3389E-01  0.1907E-03 -0.1565E-01  0.0000E+00      -1  -0.106E-02   20.00
  83   -73.0000    -280.293 0.3422   0.3406E-01  0.1911E-03 -0.1594E-01  0.0000E+00      -1  -0.108E-02   20.00
  84   -74.0000    -279.764 0.3423   0.3422E-01  0.1915E-03 -0.1619E-01  0.0000E+00      -1  -0.110E-02   20.00
  85   -75.0000    -279.239 0.3424   0.3438E-01  0.1919E-03 -0.1641E-01  0.0000E+00      -1  -0.111E-02   20.00
  86   -76.0000    -278.718 0.3425   0.3455E-01  0.1923E-03 -0.1659E-01  0.0000E+00      -1  -0.112E-02   20.00
  87   -77.0000    -278.199 0.3426   0.3471E-01  0.1927E-03 -0.1674E-01  0.0000E+00      -1  -0.113E-02   20.00
  88   -78.0000    -277.682 0.3427   0.3486E-01  0.1930E-03 -0.1686E-01  0.0000E+00      -1  -0.114E-02   20.00
  89   -79.0000    -277.166 0.3428   0.3502E-01  0.1934E-03 -0.1696E-01  0.0000E+00      -1  -0.115E-02   20.00
  90   -80.0000    -276.651 0.3429   0.3518E-01  0.1938E-03 -0.1703E-01  0.0000E+00      -1  -0.115E-02   20.00
  91   -81.0000    -276.134 0.3430   0.3534E-01  0.1942E-03 -0.1708E-01  0.0000E+00      -1  -0.116E-02   20.00
  92   -82.0000    -275.617 0.3431   0.3550E-01  0.1946E-03 -0.1712E-01  0.0000E+00      -1  -0.116E-02   20.00
  93   -83.0000    -275.099 0.3432   0.3566E-01  0.1949E-03 -0.1714E-01  0.0000E+00      -1  -0.116E-02   20.00
  94   -84.0000    -274.579 0.3433   0.3582E-01  0.1953E-03 -0.1715E-01  0.0000E+00      -1  -0.116E-02   20.00
  95   -85.0000    -274.056 0.3434   0.3598E-01  0.1957E-03 -0.1714E-01  0.0000E+00      -1  -0.116E-02   20.00
  96   -86.0000    -273.532 0.3435   0.3614E-01  0.1961E-03 -0.1713E-01  0.0000E+00      -1  -0.116E-02   20.00
  97   -87.0000    -273.004 0.3437   0.3631E-01  0.1965E-03 -0.1711E-01  0.0000E+00      -1  -0.116E-02   20.00
  98   -88.0000    -272.474 0.3438   0.3647E-01  0.1969E-03 -0.1708E-01  0.0000E+00      -1  -0.116E-02   20.00
  99   -89.0000    -271.941 0.3439   0.3664E-01  0.1973E-03 -0.1705E-01  0.0000E+00      -1  -0.116E-02   20.00
 100   -90.0000    -271.405 0.3440   0.3680E-01  0.1977E-03 -0.1701E-01  0.0000E+00      -1  -0.115E-02   20.00
 101   -91.0000    -270.865 0.3441   0.3697E-01  0.1981E-03 -0.1698E-01  0.0000E+00      -1  -0.115E-02   20.00
 102   -92.0000    -270.323 0.3442   0.3713E-01  0.1985E-03 -0.1694E-01  0.0000E+00      -1  -0.115E-02   20.00
 103   -93.0000    -269.778 0.3443   0.3730E-01  0.1989E-03 -0.1690E-01  0.0000E+00      -1  -0.115E-02   20.00
 104   -94.0000    -269.229 0.3444   0.3747E-01  0.1993E-03 -0.1687E-01  0.0000E+00      -1  -0.114E-02   20.00
 105   -95.0000    -268.678 0.3445   0.3764E-01  0.1997E-03 -0.1684E-01  0.0000E+00      -1  -0.114E-02   20.00
 106   -96.0000    -268.124 0.3446   0.3781E-01  0.2001E-03 -0.1681E-01  0.0000E+00      -1  -0.114E-02   20.00
 107   -97.0000    -267.568 0.3447   0.3798E-01  0.2005E-03 -0.1679E-01  0.0000E+00      -1  -0.114E-02   20.00
 108   -98.0000    -267.009 0.3448   0.3816E-01  0.2009E-03 -0.1678E-01  0.0000E+00      -1  -0.114E-02   20.00
 109   -99.0000    -266.447 0.3449   0.3833E-01  0.2013E-03 -0.1677E-01  0.0000E+00      -1  -0.114E-02   20.00
 110  -100.0000    -265.884 0.3450   0.3850E-01  0.2018E-03 -0.1677E-01  0.0000E+00      -1  -0.114E-02   20.00
 111  -101.0000    -265.318 0.3451   0.3868E-01  0.2022E-03 -0.1678E-01  0.0000E+00      -1  -0.114E-02   20.00
 112  -102.0000    -264.751 0.3453   0.3885E-01  0.2026E-03 -0.1679E-01  0.0000E+00      -1  -0.114E-02   20.00
 113  -103.0000    -264.182 0.3454   0.3903E-01  0.2030E-03 -0.1681E-01  0.0000E+00      -1  -0.114E-02   20.00
 114  -104.0000    -263.613 0.3455   0.3920E-01  0.2034E-03 -0.1685E-01  0.0000E+00      -1  -0.114E-02   20.00
 115  -105.0000    -263.042 0.3456   0.3938E-01  0.2039E-03 -0.1689E-01  0.0000E+00      -1  -0.115E-02   20.00
 116  -106.0000    -262.470 0.3457   0.3956E-01  0.2043E-03 -0.1694E-01  0.0000E+00      -1  -0.115E-02   20.00
 117  -107.0000    -261.898 0.3458   0.3973E-01  0.2047E-03 -0.1700E-01  0.0000E+00      -1  -0.115E-02   20.00
 118  -108.0000    -261.326 0.3459   0.3991E-01  0.2051E-03 -0.1708E-01  0.0000E+00      -1  -0.116E-02   20.00
 119  -109.0000    -260.754 0.3460   0.4008E-01  0.2055E-03 -0.1716E-01  0.0000E+00      -1  -0.116E-02   20.00
 120  -110.0000    -260.182 0.3461   0.4026E-01  0.2060E-03 -0.1725E-01  0.0000E+00      -1  -0.117E-02   20.00
 121  -111.0000    -259.611 0.3463   0.4044E-01  0.2064E-03 -0.1735E-01  0.0000E+00      -1  -0.118E-02   20.00
 122  -112.0000    -259.041 0.3464   0.4061E-01  0.2068E-03 -0.1747E-01  0.0000E+00      -1  -0.118E-02   20.00
 123  -113.0000    -258.471 0.3465   0.4079E-01  0.2072E-03 -0.1759E-01  0.0000E+00      -1  -0.119E-02   20.00
 124  -114.0000    -257.903 0.3466   0.4096E-01  0.2076E-03 -0.1772E-01  0.0000E+00      -1  -0.120E-02   20.00
 125  -115.0000    -257.337 0.3467   0.4114E-01  0.2081E-03 -0.1787E-01  0.0000E+00      -1  -0.121E-02   20.00
 126  -116.0000    -256.772 0.3468   0.4131E-01  0.2085E-03 -0.1802E-01  0.0000E+00      -1  -0.122E-02   20.00
 127  -117.0000    -256.209 0.3469   0.4149E-01  0.2089E-03 -0.1819E-01  0.0000E+00      -1  -0.123E-02   20.00
 128  -118.0000    -255.649 0.3470   0.4166E-01  0.2093E-03 -0.1836E-01  0.0000E+00      -1  -0.124E-02   20.00
 129  -119.0000    -255.090 0.3471   0.4183E-01  0.2097E-03 -0.1854E-01  0.0000E+00      -1  -0.126E-02   20.00
 130  -120.0000    -254.535 0.3472   0.4200E-01  0.2101E-03 -0.1874E-01  0.0000E+00      -1  -0.127E-02   20.00
 131  -121.0000    -253.983 0.3473   0.4217E-01  0.2105E-03 -0.1894E-01  0.0000E+00      -1  -0.128E-02   20.00
 132  -122.0000    -253.433 0.3475   0.4234E-01  0.2109E-03 -0.1915E-01  0.0000E+00      -1  -0.130E-02   20.00
 133  -123.0000    -252.887 0.3476   0.4251E-01  0.2113E-03 -0.1937E-01  0.0000E+00      -1  -0.131E-02   20.00
 134  -124.0000    -252.345 0.3477   0.4268E-01  0.2117E-03 -0.1960E-01  0.0000E+00      -1  -0.133E-02   20.00
 135  -125.0000    -251.806 0.3478   0.4284E-01  0.2121E-03 -0.1984E-01  0.0000E+00      -1  -0.135E-02   20.00
 136  -126.0000    -251.271 0.3479   0.4301E-01  0.2125E-03 -0.2009E-01  0.0000E+00      -1  -0.136E-02   20.00
 137  -127.0000    -250.740 0.3480   0.4317E-01  0.2129E-03 -0.2034E-01  0.0000E+00      -1  -0.138E-02   20.00
 138  -128.0000    -250.213 0.3481   0.4334E-01  0.2133E-03 -0.2060E-01  0.0000E+00      -1  -0.140E-02   20.00
 139  -129.0000    -249.691 0.3482   0.4350E-01  0.2137E-03 -0.2087E-01  0.0000E+00      -1  -0.142E-02   20.00
 140  -130.0000    -249.173 0.3483   0.4366E-01  0.2141E-03 -0.2115E-01  0.0000E+00      -1  -0.143E-02   20.00
 141  -131.0000    -248.660 0.3484   0.4381E-01  0.2145E-03 -0.2144E-01  0.0000E+00      -1  -0.145E-02   20.00
 142  -132.0000    -248.152 0.3485   0.4397E-01  0.2148E-03 -0.2173E-01  0.0000E+00      -1  -0.147E-02   20.00
 143  -133.0000    -247.648 0.3486   0.4413E-01  0.2152E-03 -0.2203E-01  0.0000E+00      -1  -0.149E-02   20.00
 144  -134.0000    -247.150 0.3487   0.4428E-01  0.2156E-03 -0.2233E-01  0.0000E+00      -1  -0.151E-02   20.00
 145  -135.0000    -246.657 0.3488   0.4443E-01  0.2159E-03 -0.2264E-01  0.0000E+00      -1  -0.153E-02   20.00
 146  -136.0000    -246.169 0.3489   0.4458E-01  0.2163E-03 -0.2296E-01  0.0000E+00      -1  -0.156E-02   20.00
 147  -137.0000    -245.687 0.3490   0.4473E-01  0.2167E-03 -0.2328E-01  0.0000E+00      -1  -0.158E-02   20.00
 148  -138.0000    -245.210 0.3491   0.4488E-01  0.2170E-03 -0.2361E-01  0.0000E+00      -1  -0.160E-02   20.00
 149  -139.0000    -244.739 0.3491   0.4502E-01  0.2174E-03 -0.2394E-01  0.0000E+00      -1  -0.162E-02   20.00
 150  -140.0000    -244.273 0.3492   0.4517E-01  0.2177E-03 -0.2428E-01  0.0000E+00      -1  -0.165E-02   20.00
 151  -141.0000    -243.814 0.3493   0.4531E-01  0.2180E-03 -0.2462E-01  0.0000E+00      -1  -0.167E-02   20.00
 152  -142.0000    -243.360 0.3494   0.4545E-01  0.2184E-03 -0.2497E-01  0.0000E+00      -1  -0.169E-02   20.00
 153  -143.0000    -242.913 0.3495   0.4559E-01  0.2187E-03 -0.2532E-01  0.0000E+00      -1  -0.172E-02   20.00
 154  -144.0000    -242.471 0.3496   0.4572E-01  0.2190E-03 -0.2567E-01  0.0000E+00      -1  -0.174E-02   20.00
 155  -145.0000    -242.035 0.3497   0.4586E-01  0.2194E-03 -0.2607E-01  0.0000E+00      -1  -0.177E-02   20.00
 156  -146.0000    -241.607 0.3498   0.4613E-01  0.2198E-03 -0.2652E-01  0.0000E+00      -1  -0.180E-02   20.00
 157  -147.0000    -241.185 0.3499   0.4640E-01  0.2203E-03 -0.2698E-01  0.0000E+00      -1  -0.183E-02   20.00
 158  -148.0000    -240.770 0.3500   0.4668E-01  0.2208E-03 -0.2745E-01  0.0000E+00      -1  -0.186E-02   20.00
 159  -149.0000    -240.361 0.3501   0.4694E-01  0.2212E-03 -0.2792E-01  0.0000E+00      -1  -0.189E-02   20.00
 160  -150.0000    -239.959 0.3502   0.4721E-01  0.2217E-03 -0.2839E-01  0.0000E+00      -1  -0.192E-02   20.00
 161  -151.0000    -239.564 0.3503   0.4746E-01  0.2221E-03 -0.2887E-01  0.0000E+00      -1  -0.196E-02   20.00
 162  -152.0000    -239.176 0.3504   0.4772E-01  0.2225E-03 -0.2935E-01  0.0000E+00      -1  -0.199E-02   20.00
 163  -153.0000    -238.794 0.3505   0.4797E-01  0.2229E-03 -0.2984E-01  0.0000E+00      -1  -0.202E-02   20.00
 164  -154.0000    -238.420 0.3506   0.4821E-01  0.2234E-03 -0.3033E-01  0.0000E+00      -1  -0.206E-02   20.00
 165  -155.0000    -238.053 0.3506   0.4845E-01  0.2238E-03 -0.3082E-01  0.0000E+00      -1  -0.209E-02   20.00
 166  -156.0000    -237.692 0.3507   0.4868E-01  0.2242E-03 -0.3131E-01  0.0000E+00      -1  -0.212E-02   20.00
 167  -157.0000    -237.339 0.3508   0.4892E-01  0.2246E-03 -0.3181E-01  0.0000E+00      -1  -0.216E-02   20.00
 168  -158.0000    -236.993 0.3509   0.4914E-01  0.2249E-03 -0.3231E-01  0.0000E+00      -1  -0.219E-02   20.00
 169  -159.0000    -236.654 0.3510   0.4936E-01  0.2253E-03 -0.3281E-01  0.0000E+00      -1  -0.222E-02   20.00
 170  -160.0000    -236.322 0.3511   0.4958E-01  0.2257E-03 -0.3331E-01  0.0000E+00      -1  -0.226E-02   20.00
 171  -161.0000    -235.998 0.3512   0.4979E-01  0.2260E-03 -0.3382E-01  0.0000E+00      -1  -0.229E-02   20.00
 172  -162.0000    -235.681 0.3512   0.5000E-01  0.2264E-03 -0.3432E-01  0.0000E+00      -1  -0.233E-02   20.00
 173  -163.0000    -235.371 0.3513   0.5020E-01  0.2267E-03 -0.3483E-01  0.0000E+00      -1  -0.236E-02   20.00
 174  -164.0000    -235.068 0.3514   0.5040E-01  0.2271E-03 -0.3534E-01  0.0000E+00      -1  -0.240E-02   20.00
 175  -165.0000    -234.773 0.3515   0.5059E-01  0.2274E-03 -0.3585E-01  0.0000E+00      -1  -0.243E-02   20.00
 176  -166.0000    -234.486 0.3515   0.5078E-01  0.2277E-03 -0.3636E-01  0.0000E+00      -1  -0.247E-02   20.00
 177  -167.0000    -234.206 0.3516   0.5096E-01  0.2280E-03 -0.3688E-01  0.0000E+00      -1  -0.250E-02   20.00
 178  -168.0000    -233.933 0.3517   0.5114E-01  0.2283E-03 -0.3739E-01  0.0000E+00      -1  -0.253E-02   20.00
 179  -169.0000    -233.668 0.3517   0.5131E-01  0.2286E-03 -0.3790E-01  0.0000E+00      -1  -0.257E-02   20.00
 180  -170.0000    -233.410 0.3518   0.5148E-01  0.2289E-03 -0.3842E-01  0.0000E+00      -1  -0.260E-02   20.00
 181  -171.0000    -233.161 0.3518   0.5164E-01  0.2292E-03 -0.3894E-01  0.0000E+00      -1  -0.264E-02   20.00
 182  -172.0000    -232.918 0.3519   0.5180E-01  0.2294E-03 -0.3945E-01  0.0000E+00      -1  -0.267E-02   20.00
 183  -173.0000    -232.684 0.3520   0.5195E-01  0.2297E-03 -0.3997E-01  0.0000E+00      -1  -0.271E-02   20.00
 184  -174.0000    -232.457 0.3520   0.5210E-01  0.2300E-03 -0.4049E-01  0.0000E+00      -1  -0.275E-02   20.00
 185  -175.0000    -232.238 0.3521   0.5224E-01  0.2302E-03 -0.4101E-01  0.0000E+00      -1  -0.278E-02   20.00
 186  -176.0000    -232.027 0.3521   0.5238E-01  0.2304E-03 -0.4153E-01  0.0000E+00      -1  -0.282E-02   20.00
 187  -177.0000    -231.824 0.3522   0.5252E-01  0.2307E-03 -0.4205E-01  0.0000E+00      -1  -0.285E-02   20.00
 188  -178.0000    -231.629 0.3522   0.5264E-01  0.2309E-03 -0.4257E-01  0.0000E+00      -1  -0.289E-02   20.00
 189  -179.0000    -231.441 0.3523   0.5277E-01  0.2311E-03 -0.4309E-01  0.0000E+00      -1  -0.292E-02   20.00
 190  -180.0000    -231.262 0.3523   0.5288E-01  0.2313E-03 -0.4361E-01  0.0000E+00      -1  -0.296E-02   20.00
 191  -181.0000    -231.091 0.3524   0.5299E-01  0.2315E-03 -0.4413E-01  0.0000E+00      -1  -0.299E-02   20.00
 192  -182.0000    -230.928 0.3524   0.5310E-01  0.2316E-03 -0.4465E-01  0.0000E+00      -1  -0.303E-02   20.00
 193  -183.0000    -230.773 0.3524   0.5320E-01  0.2318E-03 -0.4518E-01  0.0000E+00      -1  -0.306E-02   20.00
 194  -184.0000    -230.626 0.3525   0.5330E-01  0.2320E-03 -0.4570E-01  0.0000E+00      -1  -0.310E-02   20.00
 195  -185.0000    -230.487 0.3525   0.5339E-01  0.2321E-03 -0.4622E-01  0.0000E+00      -1  -0.313E-02   20.00
 196  -186.0000    -230.357 0.3525   0.5347E-01  0.2323E-03 -0.4674E-01  0.0000E+00      -1  -0.317E-02   20.00
 197  -187.0000    -230.236 0.3526   0.5355E-01  0.2324E-03 -0.4726E-01  0.0000E+00      -1  -0.320E-02   20.00
 198  -188.0000    -230.123 0.3526   0.5363E-01  0.2325E-03 -0.4779E-01  0.0000E+00      -1  -0.324E-02   20.00
 199  -189.0000    -230.018 0.3526   0.5369E-01  0.2327E-03 -0.4831E-01  0.0000E+00      -1  -0.328E-02   20.00
 200  -190.0000    -229.922 0.3526   0.5376E-01  0.2328E-03 -0.4883E-01  0.0000E+00      -1  -0.331E-02   20.00
 201  -191.0000    -229.835 0.3527   0.5381E-01  0.2329E-03 -0.4936E-01  0.0000E+00      -1  -0.335E-02   20.00
 202  -192.0000    -229.756 0.3527   0.5386E-01  0.2329E-03 -0.4988E-01  0.0000E+00      -1  -0.338E-02   20.00
 203  -193.0000    -229.687 0.3527   0.5391E-01  0.2330E-03 -0.5040E-01  0.0000E+00      -1  -0.342E-02   20.00
 204  -194.0000    -229.626 0.3527   0.5395E-01  0.2331E-03 -0.5092E-01  0.0000E+00      -1  -0.345E-02   20.00
 205  -195.0000    -229.575 0.3527   0.5398E-01  0.2331E-03 -0.5145E-01  0.0000E+00      -1  -0.349E-02   20.00
 206  -196.0000    -229.532 0.3527   0.5401E-01  0.2332E-03 -0.5197E-01  0.0000E+00      -1  -0.352E-02   20.00
 207  -197.0000    -229.499 0.3527   0.5403E-01  0.2332E-03 -0.5249E-01  0.0000E+00      -1  -0.356E-02   20.00
 208  -198.0000    -229.475 0.3528   0.5405E-01  0.2333E-03 -0.5301E-01  0.0000E+00      -1  -0.359E-02   20.00
 209  -199.0000    -229.461 0.3528   0.5406E-01  0.2333E-03 -0.5354E-01  0.0000E+00      -1  -0.363E-02   20.00
 210  -200.0000    -229.456 0.3528   0.5406E-01  0.2333E-03 -0.5380E-01  0.0000E+00      -1  -0.365E-02   20.00
end
